<?xml version="1.0" encoding="UTF-8"?>
<coverage generated="1487902367433" clover="3.2.0">
  <project timestamp="1487902367434" name="All files">
    <metrics statements="62" coveredstatements="61" conditionals="54" coveredconditionals="51" methods="7" coveredmethods="7" elements="123" coveredelements="119" complexity="0" loc="62" ncloc="62" packages="2" files="3" classes="3">
      <package name="fx-percentage-display">
        <metrics statements="56" coveredstatements="55" conditionals="54" coveredconditionals="51" methods="7" coveredmethods="7"/>
        <file name="index.js" path="/home/danjesus/Projects/fx-percentage-display/index.js">
          <metrics statements="56" coveredstatements="55" conditionals="54" coveredconditionals="51" methods="7" coveredmethods="7"/>
          <line num="1" count="1" type="stmt"/>
          <line num="2" count="1" type="stmt"/>
          <line num="3" count="1" type="stmt"/>
          <line num="4" count="1" type="stmt"/>
          <line num="7" count="1" type="stmt"/>
          <line num="9" count="1" type="stmt"/>
          <line num="10" count="5" type="stmt"/>
          <line num="11" count="5" type="stmt"/>
          <line num="12" count="5" type="stmt"/>
          <line num="14" count="5" type="stmt"/>
          <line num="15" count="12" type="stmt"/>
          <line num="16" count="1" type="stmt"/>
          <line num="19" count="11" type="stmt"/>
          <line num="22" count="5" type="stmt"/>
          <line num="23" count="4" type="stmt"/>
          <line num="31" count="1" type="stmt"/>
          <line num="35" count="19" type="stmt"/>
          <line num="36" count="82" type="stmt"/>
          <line num="37" count="38" type="stmt"/>
          <line num="40" count="44" type="stmt"/>
          <line num="42" count="19" type="stmt"/>
          <line num="43" count="19" type="stmt"/>
          <line num="45" count="19" type="stmt"/>
          <line num="46" count="5" type="stmt"/>
          <line num="49" count="19" type="stmt"/>
          <line num="51" count="19" type="stmt"/>
          <line num="52" count="19" type="stmt"/>
          <line num="54" count="19" type="stmt"/>
          <line num="55" count="44" type="stmt"/>
          <line num="57" count="44" type="stmt"/>
          <line num="58" count="33" type="stmt"/>
          <line num="61" count="44" type="stmt"/>
          <line num="62" count="36" type="stmt"/>
          <line num="63" count="11" type="stmt"/>
          <line num="65" count="11" type="stmt"/>
          <line num="67" count="45" type="stmt"/>
          <line num="68" count="6" type="stmt"/>
          <line num="71" count="39" type="stmt"/>
          <line num="73" count="39" type="stmt"/>
          <line num="74" count="25" type="stmt"/>
          <line num="79" count="25" type="stmt"/>
          <line num="81" count="25" type="stmt"/>
          <line num="82" count="16" type="stmt"/>
          <line num="85" count="9" type="stmt"/>
          <line num="87" count="9" type="stmt"/>
          <line num="88" count="9" type="stmt"/>
          <line num="92" count="8" type="stmt"/>
          <line num="93" count="3" type="stmt"/>
          <line num="98" count="19" type="stmt"/>
          <line num="103" count="55" type="stmt"/>
          <line num="104" count="13" type="stmt"/>
          <line num="107" count="42" type="stmt"/>
          <line num="108" count="42" type="stmt"/>
          <line num="111" count="0" type="stmt"/>
          <line num="114" count="1" type="stmt"/>
          <line num="116" count="1" type="stmt"/>
        </file>
      </package>
      <package name="fx-percentage-display.test">
        <metrics statements="6" coveredstatements="6" conditionals="0" coveredconditionals="0" methods="0" coveredmethods="0"/>
        <file name="all_survs_fixture.js" path="/home/danjesus/Projects/fx-percentage-display/test/all_survs_fixture.js">
          <metrics statements="1" coveredstatements="1" conditionals="0" coveredconditionals="0" methods="0" coveredmethods="0"/>
          <line num="1" count="1" type="stmt"/>
        </file>
        <file name="fixture.js" path="/home/danjesus/Projects/fx-percentage-display/test/fixture.js">
          <metrics statements="5" coveredstatements="5" conditionals="0" coveredconditionals="0" methods="0" coveredmethods="0"/>
          <line num="1" count="1" type="stmt"/>
          <line num="13" count="1" type="stmt"/>
          <line num="29" count="1" type="stmt"/>
          <line num="91" count="1" type="stmt"/>
          <line num="124" count="1" type="stmt"/>
        </file>
      </package>
    </metrics>
  </project>
</coverage>
