{"/home/danjesus/Projects/fx-percentage-display/index.js": {"path":"/home/danjesus/Projects/fx-percentage-display/index.js","statementMap":{"0":{"start":{"line":1,"column":24},"end":{"line":1,"column":41}},"1":{"start":{"line":2,"column":19},"end":{"line":2,"column":32}},"2":{"start":{"line":3,"column":20},"end":{"line":3,"column":34}},"3":{"start":{"line":4,"column":18},"end":{"line":4,"column":30}},"4":{"start":{"line":7,"column":17},"end":{"line":7,"column":19}},"5":{"start":{"line":9,"column":2},"end":{"line":29,"column":5}},"6":{"start":{"line":10,"column":25},"end":{"line":10,"column":26}},"7":{"start":{"line":11,"column":20},"end":{"line":11,"column":81}},"8":{"start":{"line":12,"column":25},"end":{"line":12,"column":38}},"9":{"start":{"line":14,"column":4},"end":{"line":20,"column":7}},"10":{"start":{"line":15,"column":6},"end":{"line":17,"column":7}},"11":{"start":{"line":16,"column":8},"end":{"line":16,"column":15}},"12":{"start":{"line":19,"column":6},"end":{"line":19,"column":59}},"13":{"start":{"line":22,"column":4},"end":{"line":27,"column":5}},"14":{"start":{"line":23,"column":6},"end":{"line":26,"column":9}},"15":{"start":{"line":31,"column":2},"end":{"line":31,"column":16}},"16":{"start":{"line":35,"column":26},"end":{"line":41,"column":4}},"17":{"start":{"line":36,"column":4},"end":{"line":38,"column":5}},"18":{"start":{"line":37,"column":6},"end":{"line":37,"column":19}},"19":{"start":{"line":40,"column":4},"end":{"line":40,"column":86}},"20":{"start":{"line":42,"column":13},"end":{"line":42,"column":34}},"21":{"start":{"line":43,"column":31},"end":{"line":43,"column":88}},"22":{"start":{"line":45,"column":2},"end":{"line":47,"column":3}},"23":{"start":{"line":46,"column":4},"end":{"line":46,"column":54}},"24":{"start":{"line":49,"column":2},"end":{"line":49,"column":83}},"25":{"start":{"line":51,"column":23},"end":{"line":51,"column":49}},"26":{"start":{"line":52,"column":26},"end":{"line":52,"column":27}},"27":{"start":{"line":54,"column":2},"end":{"line":96,"column":5}},"28":{"start":{"line":55,"column":22},"end":{"line":55,"column":53}},"29":{"start":{"line":57,"column":4},"end":{"line":59,"column":5}},"30":{"start":{"line":58,"column":6},"end":{"line":58,"column":46}},"31":{"start":{"line":61,"column":4},"end":{"line":95,"column":5}},"32":{"start":{"line":62,"column":6},"end":{"line":90,"column":7}},"33":{"start":{"line":63,"column":8},"end":{"line":63,"column":30}},"34":{"start":{"line":65,"column":8},"end":{"line":76,"column":9}},"35":{"start":{"line":67,"column":10},"end":{"line":69,"column":11}},"36":{"start":{"line":68,"column":12},"end":{"line":68,"column":19}},"37":{"start":{"line":71,"column":29},"end":{"line":71,"column":69}},"38":{"start":{"line":73,"column":10},"end":{"line":75,"column":11}},"39":{"start":{"line":74,"column":12},"end":{"line":74,"column":48}},"40":{"start":{"line":79,"column":27},"end":{"line":79,"column":94}},"41":{"start":{"line":81,"column":8},"end":{"line":83,"column":9}},"42":{"start":{"line":82,"column":10},"end":{"line":82,"column":23}},"43":{"start":{"line":85,"column":8},"end":{"line":85,"column":106}},"44":{"start":{"line":87,"column":8},"end":{"line":89,"column":9}},"45":{"start":{"line":88,"column":10},"end":{"line":88,"column":46}},"46":{"start":{"line":92,"column":6},"end":{"line":94,"column":7}},"47":{"start":{"line":93,"column":10},"end":{"line":93,"column":46}},"48":{"start":{"line":98,"column":2},"end":{"line":98,"column":27}},"49":{"start":{"line":103,"column":2},"end":{"line":105,"column":3}},"50":{"start":{"line":104,"column":4},"end":{"line":104,"column":89}},"51":{"start":{"line":107,"column":2},"end":{"line":109,"column":3}},"52":{"start":{"line":108,"column":4},"end":{"line":108,"column":28}},"53":{"start":{"line":111,"column":2},"end":{"line":111,"column":15}},"54":{"start":{"line":114,"column":0},"end":{"line":114,"column":36}},"55":{"start":{"line":116,"column":0},"end":{"line":119,"column":2}}},"fnMap":{"0":{"name":"calculatePercentage","decl":{"start":{"line":6,"column":9},"end":{"line":6,"column":28}},"loc":{"start":{"line":6,"column":50},"end":{"line":32,"column":1}}},"1":{"name":"(anonymous_1)","decl":{"start":{"line":9,"column":38},"end":{"line":9,"column":39}},"loc":{"start":{"line":9,"column":46},"end":{"line":29,"column":3}}},"2":{"name":"(anonymous_2)","decl":{"start":{"line":14,"column":31},"end":{"line":14,"column":32}},"loc":{"start":{"line":14,"column":44},"end":{"line":20,"column":5}}},"3":{"name":"calculateQuestion","decl":{"start":{"line":34,"column":9},"end":{"line":34,"column":26}},"loc":{"start":{"line":34,"column":44},"end":{"line":99,"column":1}}},"4":{"name":"(anonymous_4)","decl":{"start":{"line":35,"column":49},"end":{"line":35,"column":50}},"loc":{"start":{"line":35,"column":61},"end":{"line":41,"column":3}}},"5":{"name":"(anonymous_5)","decl":{"start":{"line":54,"column":28},"end":{"line":54,"column":29}},"loc":{"start":{"line":54,"column":40},"end":{"line":96,"column":3}}},"6":{"name":"isValidQuestion","decl":{"start":{"line":101,"column":9},"end":{"line":101,"column":24}},"loc":{"start":{"line":101,"column":47},"end":{"line":112,"column":1}}}},"branchMap":{"0":{"loc":{"start":{"line":11,"column":20},"end":{"line":11,"column":81}},"type":"cond-expr","locations":[{"start":{"line":11,"column":52},"end":{"line":11,"column":77}},{"start":{"line":11,"column":80},"end":{"line":11,"column":81}}]},"1":{"loc":{"start":{"line":15,"column":6},"end":{"line":17,"column":7}},"type":"if","locations":[{"start":{"line":15,"column":6},"end":{"line":17,"column":7}},{"start":{"line":15,"column":6},"end":{"line":17,"column":7}}]},"2":{"loc":{"start":{"line":22,"column":4},"end":{"line":27,"column":5}},"type":"if","locations":[{"start":{"line":22,"column":4},"end":{"line":27,"column":5}},{"start":{"line":22,"column":4},"end":{"line":27,"column":5}}]},"3":{"loc":{"start":{"line":36,"column":4},"end":{"line":38,"column":5}},"type":"if","locations":[{"start":{"line":36,"column":4},"end":{"line":38,"column":5}},{"start":{"line":36,"column":4},"end":{"line":38,"column":5}}]},"4":{"loc":{"start":{"line":36,"column":10},"end":{"line":36,"column":48}},"type":"binary-expr","locations":[{"start":{"line":36,"column":10},"end":{"line":36,"column":36}},{"start":{"line":36,"column":40},"end":{"line":36,"column":48}}]},"5":{"loc":{"start":{"line":40,"column":11},"end":{"line":40,"column":85}},"type":"binary-expr","locations":[{"start":{"line":40,"column":11},"end":{"line":40,"column":37}},{"start":{"line":40,"column":41},"end":{"line":40,"column":85}}]},"6":{"loc":{"start":{"line":43,"column":31},"end":{"line":43,"column":88}},"type":"binary-expr","locations":[{"start":{"line":43,"column":31},"end":{"line":43,"column":60}},{"start":{"line":43,"column":64},"end":{"line":43,"column":88}}]},"7":{"loc":{"start":{"line":45,"column":2},"end":{"line":47,"column":3}},"type":"if","locations":[{"start":{"line":45,"column":2},"end":{"line":47,"column":3}},{"start":{"line":45,"column":2},"end":{"line":47,"column":3}}]},"8":{"loc":{"start":{"line":49,"column":27},"end":{"line":49,"column":82}},"type":"cond-expr","locations":[{"start":{"line":49,"column":56},"end":{"line":49,"column":78}},{"start":{"line":49,"column":81},"end":{"line":49,"column":82}}]},"9":{"loc":{"start":{"line":57,"column":4},"end":{"line":59,"column":5}},"type":"if","locations":[{"start":{"line":57,"column":4},"end":{"line":59,"column":5}},{"start":{"line":57,"column":4},"end":{"line":59,"column":5}}]},"10":{"loc":{"start":{"line":61,"column":4},"end":{"line":95,"column":5}},"type":"if","locations":[{"start":{"line":61,"column":4},"end":{"line":95,"column":5}},{"start":{"line":61,"column":4},"end":{"line":95,"column":5}}]},"11":{"loc":{"start":{"line":62,"column":6},"end":{"line":90,"column":7}},"type":"if","locations":[{"start":{"line":62,"column":6},"end":{"line":90,"column":7}},{"start":{"line":62,"column":6},"end":{"line":90,"column":7}}]},"12":{"loc":{"start":{"line":67,"column":10},"end":{"line":69,"column":11}},"type":"if","locations":[{"start":{"line":67,"column":10},"end":{"line":69,"column":11}},{"start":{"line":67,"column":10},"end":{"line":69,"column":11}}]},"13":{"loc":{"start":{"line":73,"column":10},"end":{"line":75,"column":11}},"type":"if","locations":[{"start":{"line":73,"column":10},"end":{"line":75,"column":11}},{"start":{"line":73,"column":10},"end":{"line":75,"column":11}}]},"14":{"loc":{"start":{"line":79,"column":27},"end":{"line":79,"column":94}},"type":"cond-expr","locations":[{"start":{"line":79,"column":50},"end":{"line":79,"column":86}},{"start":{"line":79,"column":89},"end":{"line":79,"column":94}}]},"15":{"loc":{"start":{"line":81,"column":8},"end":{"line":83,"column":9}},"type":"if","locations":[{"start":{"line":81,"column":8},"end":{"line":83,"column":9}},{"start":{"line":81,"column":8},"end":{"line":83,"column":9}}]},"16":{"loc":{"start":{"line":85,"column":45},"end":{"line":85,"column":83}},"type":"binary-expr","locations":[{"start":{"line":85,"column":45},"end":{"line":85,"column":71}},{"start":{"line":85,"column":75},"end":{"line":85,"column":83}}]},"17":{"loc":{"start":{"line":87,"column":8},"end":{"line":89,"column":9}},"type":"if","locations":[{"start":{"line":87,"column":8},"end":{"line":89,"column":9}},{"start":{"line":87,"column":8},"end":{"line":89,"column":9}}]},"18":{"loc":{"start":{"line":92,"column":6},"end":{"line":94,"column":7}},"type":"if","locations":[{"start":{"line":92,"column":6},"end":{"line":94,"column":7}},{"start":{"line":92,"column":6},"end":{"line":94,"column":7}}]},"19":{"loc":{"start":{"line":92,"column":10},"end":{"line":92,"column":87}},"type":"binary-expr","locations":[{"start":{"line":92,"column":10},"end":{"line":92,"column":30}},{"start":{"line":92,"column":34},"end":{"line":92,"column":87}}]},"20":{"loc":{"start":{"line":103,"column":2},"end":{"line":105,"column":3}},"type":"if","locations":[{"start":{"line":103,"column":2},"end":{"line":105,"column":3}},{"start":{"line":103,"column":2},"end":{"line":105,"column":3}}]},"21":{"loc":{"start":{"line":103,"column":6},"end":{"line":103,"column":53}},"type":"binary-expr","locations":[{"start":{"line":103,"column":6},"end":{"line":103,"column":27}},{"start":{"line":103,"column":31},"end":{"line":103,"column":53}}]},"22":{"loc":{"start":{"line":104,"column":27},"end":{"line":104,"column":87}},"type":"binary-expr","locations":[{"start":{"line":104,"column":27},"end":{"line":104,"column":46}},{"start":{"line":104,"column":50},"end":{"line":104,"column":87}}]},"23":{"loc":{"start":{"line":107,"column":2},"end":{"line":109,"column":3}},"type":"if","locations":[{"start":{"line":107,"column":2},"end":{"line":109,"column":3}},{"start":{"line":107,"column":2},"end":{"line":109,"column":3}}]},"24":{"loc":{"start":{"line":107,"column":6},"end":{"line":107,"column":56}},"type":"binary-expr","locations":[{"start":{"line":107,"column":6},"end":{"line":107,"column":32}},{"start":{"line":107,"column":36},"end":{"line":107,"column":56}}]},"25":{"loc":{"start":{"line":108,"column":11},"end":{"line":108,"column":27}},"type":"binary-expr","locations":[{"start":{"line":108,"column":11},"end":{"line":108,"column":15}},{"start":{"line":108,"column":19},"end":{"line":108,"column":27}}]},"26":{"loc":{"start":{"line":114,"column":16},"end":{"line":114,"column":35}},"type":"binary-expr","locations":[{"start":{"line":114,"column":16},"end":{"line":114,"column":29}},{"start":{"line":114,"column":33},"end":{"line":114,"column":35}}]}},"s":{"0":1,"1":1,"2":1,"3":1,"4":1,"5":1,"6":5,"7":5,"8":5,"9":5,"10":12,"11":1,"12":11,"13":5,"14":4,"15":1,"16":19,"17":82,"18":38,"19":44,"20":19,"21":19,"22":19,"23":5,"24":19,"25":19,"26":19,"27":19,"28":44,"29":44,"30":33,"31":44,"32":36,"33":11,"34":11,"35":45,"36":6,"37":39,"38":39,"39":25,"40":25,"41":25,"42":16,"43":9,"44":9,"45":9,"46":8,"47":3,"48":19,"49":55,"50":13,"51":42,"52":42,"53":0,"54":1,"55":1},"f":{"0":1,"1":5,"2":12,"3":19,"4":82,"5":44,"6":55},"b":{"0":[5,0],"1":[1,11],"2":[4,1],"3":[38,44],"4":[82,42],"5":[44,8],"6":[19,9],"7":[5,14],"8":[13,6],"9":[33,11],"10":[36,8],"11":[11,25],"12":[6,39],"13":[25,14],"14":[11,14],"15":[16,9],"16":[9,3],"17":[9,0],"18":[3,5],"19":[8,7],"20":[13,42],"21":[55,48],"22":[13,6],"23":[42,0],"24":[42,3],"25":[42,14],"26":[1,1]},"_coverageSchema":"332fd63041d2c1bcb487cc26dd0d5f7d97098a6c","hash":"e463d2256dc83d0e434289fc59de1ddcafefd107"}
,"/home/danjesus/Projects/fx-percentage-display/test/all_survs_fixture.js": {"path":"/home/danjesus/Projects/fx-percentage-display/test/all_survs_fixture.js","statementMap":{"0":{"start":{"line":1,"column":0},"end":{"line":998,"column":2}}},"fnMap":{},"branchMap":{},"s":{"0":1},"f":{},"b":{},"_coverageSchema":"332fd63041d2c1bcb487cc26dd0d5f7d97098a6c","hash":"275647caf6073fb91d2dfb9241a49a702168ce57"}
,"/home/danjesus/Projects/fx-percentage-display/test/fixture.js": {"path":"/home/danjesus/Projects/fx-percentage-display/test/fixture.js","statementMap":{"0":{"start":{"line":1,"column":26},"end":{"line":11,"column":1}},"1":{"start":{"line":13,"column":26},"end":{"line":27,"column":1}},"2":{"start":{"line":29,"column":27},"end":{"line":89,"column":1}},"3":{"start":{"line":91,"column":25},"end":{"line":122,"column":1}},"4":{"start":{"line":124,"column":0},"end":{"line":129,"column":2}}},"fnMap":{},"branchMap":{},"s":{"0":1,"1":1,"2":1,"3":1,"4":1},"f":{},"b":{},"_coverageSchema":"332fd63041d2c1bcb487cc26dd0d5f7d97098a6c","hash":"e7acd82723a81926846581ee1a29fd6781cede64"}
}
