TN:
SF:/home/danjesus/Projects/fx-percentage-display/index.js
FN:6,calculatePercentage
FN:9,(anonymous_1)
FN:14,(anonymous_2)
FN:34,calculateQuestion
FN:35,(anonymous_4)
FN:54,(anonymous_5)
FN:101,isValidQuestion
FNF:7
FNH:7
FNDA:1,calculatePercentage
FNDA:5,(anonymous_1)
FNDA:12,(anonymous_2)
FNDA:19,calculateQuestion
FNDA:82,(anonymous_4)
FNDA:44,(anonymous_5)
FNDA:55,isValidQuestion
DA:1,1
DA:2,1
DA:3,1
DA:4,1
DA:7,1
DA:9,1
DA:10,5
DA:11,5
DA:12,5
DA:14,5
DA:15,12
DA:16,1
DA:19,11
DA:22,5
DA:23,4
DA:31,1
DA:35,19
DA:36,82
DA:37,38
DA:40,44
DA:42,19
DA:43,19
DA:45,19
DA:46,5
DA:49,19
DA:51,19
DA:52,19
DA:54,19
DA:55,44
DA:57,44
DA:58,33
DA:61,44
DA:62,36
DA:63,11
DA:65,11
DA:67,45
DA:68,6
DA:71,39
DA:73,39
DA:74,25
DA:79,25
DA:81,25
DA:82,16
DA:85,9
DA:87,9
DA:88,9
DA:92,8
DA:93,3
DA:98,19
DA:103,55
DA:104,13
DA:107,42
DA:108,42
DA:111,0
DA:114,1
DA:116,1
LF:56
LH:55
BRDA:11,0,0,5
BRDA:11,0,1,0
BRDA:15,1,0,1
BRDA:15,1,1,11
BRDA:22,2,0,4
BRDA:22,2,1,1
BRDA:36,3,0,38
BRDA:36,3,1,44
BRDA:36,4,0,82
BRDA:36,4,1,42
BRDA:40,5,0,44
BRDA:40,5,1,8
BRDA:43,6,0,19
BRDA:43,6,1,9
BRDA:45,7,0,5
BRDA:45,7,1,14
BRDA:49,8,0,13
BRDA:49,8,1,6
BRDA:57,9,0,33
BRDA:57,9,1,11
BRDA:61,10,0,36
BRDA:61,10,1,8
BRDA:62,11,0,11
BRDA:62,11,1,25
BRDA:67,12,0,6
BRDA:67,12,1,39
BRDA:73,13,0,25
BRDA:73,13,1,14
BRDA:79,14,0,11
BRDA:79,14,1,14
BRDA:81,15,0,16
BRDA:81,15,1,9
BRDA:85,16,0,9
BRDA:85,16,1,3
BRDA:87,17,0,9
BRDA:87,17,1,0
BRDA:92,18,0,3
BRDA:92,18,1,5
BRDA:92,19,0,8
BRDA:92,19,1,7
BRDA:103,20,0,13
BRDA:103,20,1,42
BRDA:103,21,0,55
BRDA:103,21,1,48
BRDA:104,22,0,13
BRDA:104,22,1,6
BRDA:107,23,0,42
BRDA:107,23,1,0
BRDA:107,24,0,42
BRDA:107,24,1,3
BRDA:108,25,0,42
BRDA:108,25,1,14
BRDA:114,26,0,1
BRDA:114,26,1,1
BRF:54
BRH:51
end_of_record
TN:
SF:/home/danjesus/Projects/fx-percentage-display/test/all_survs_fixture.js
FNF:0
FNH:0
DA:1,1
LF:1
LH:1
BRF:0
BRH:0
end_of_record
TN:
SF:/home/danjesus/Projects/fx-percentage-display/test/fixture.js
FNF:0
FNH:0
DA:1,1
DA:13,1
DA:29,1
DA:91,1
DA:124,1
LF:5
LH:5
BRF:0
BRH:0
end_of_record
